0 info it worked if it ends with ok
1 verbose cli [ '/usr/bin/nodejs',
1 verbose cli   '/usr/bin/npm',
1 verbose cli   'install',
1 verbose cli   '-g',
1 verbose cli   'ionic@1.2.6-beta1cd',
1 verbose cli   '..' ]
2 info using npm@1.3.10
3 info using node@v0.10.25
4 verbose cache add [ 'ionic@1.2.6-beta1cd', null ]
5 verbose cache add name=undefined spec="ionic@1.2.6-beta1cd" args=["ionic@1.2.6-beta1cd",null]
6 verbose parsed url { protocol: null,
6 verbose parsed url   slashes: null,
6 verbose parsed url   auth: null,
6 verbose parsed url   host: null,
6 verbose parsed url   port: null,
6 verbose parsed url   hostname: null,
6 verbose parsed url   hash: null,
6 verbose parsed url   search: null,
6 verbose parsed url   query: null,
6 verbose parsed url   pathname: 'ionic@1.2.6-beta1cd',
6 verbose parsed url   path: 'ionic@1.2.6-beta1cd',
6 verbose parsed url   href: 'ionic@1.2.6-beta1cd' }
7 verbose cache add name="ionic" spec="1.2.6-beta1cd" args=["ionic","1.2.6-beta1cd"]
8 verbose parsed url { protocol: null,
8 verbose parsed url   slashes: null,
8 verbose parsed url   auth: null,
8 verbose parsed url   host: null,
8 verbose parsed url   port: null,
8 verbose parsed url   hostname: null,
8 verbose parsed url   hash: null,
8 verbose parsed url   search: null,
8 verbose parsed url   query: null,
8 verbose parsed url   pathname: '1.2.6-beta1cd',
8 verbose parsed url   path: '1.2.6-beta1cd',
8 verbose parsed url   href: '1.2.6-beta1cd' }
9 verbose addNamed [ 'ionic', '1.2.6-beta1cd' ]
10 verbose addNamed [ '1.2.6-beta1cd', '1.2.6-beta1cd' ]
11 verbose cache add [ '..', null ]
12 verbose cache add name=undefined spec=".." args=["..",null]
13 verbose parsed url { protocol: null,
13 verbose parsed url   slashes: null,
13 verbose parsed url   auth: null,
13 verbose parsed url   host: null,
13 verbose parsed url   port: null,
13 verbose parsed url   hostname: null,
13 verbose parsed url   hash: null,
13 verbose parsed url   search: null,
13 verbose parsed url   query: null,
13 verbose parsed url   pathname: '..',
13 verbose parsed url   path: '..',
13 verbose parsed url   href: '..' }
14 silly lockFile 355a0c49-ionic-1-2-6-beta1cd ionic@1.2.6-beta1cd
15 verbose lock ionic@1.2.6-beta1cd /home/thanhquanky/.npm/355a0c49-ionic-1-2-6-beta1cd.lock
16 silly lockFile 9d891e73- ..
17 verbose lock .. /home/thanhquanky/.npm/9d891e73-.lock
18 verbose url raw ionic/1.2.6-beta1cd
19 verbose url resolving [ 'https://registry.npmjs.org/', './ionic/1.2.6-beta1cd' ]
20 verbose url resolved https://registry.npmjs.org/ionic/1.2.6-beta1cd
21 info trying registry request attempt 1 at 05:42:51
22 http GET https://registry.npmjs.org/ionic/1.2.6-beta1cd
23 silly lockFile 9d891e73- ..
24 silly lockFile 9d891e73- ..
25 error addLocal Could not install ..
26 error Error: ENOENT, open '../package.json'
27 error If you need help, you may report this log at:
27 error     <http://github.com/isaacs/npm/issues>
27 error or email it to:
27 error     <npm-@googlegroups.com>
28 error System Linux 3.13.0-35-generic
29 error command "/usr/bin/nodejs" "/usr/bin/npm" "install" "-g" "ionic@1.2.6-beta1cd" ".."
30 error cwd /home/thanhquanky/Desktop/hackgt/ionic-example-cordova-camera
31 error node -v v0.10.25
32 error npm -v 1.3.10
33 error path ../package.json
34 error code ENOENT
35 error errno 34
36 verbose exit [ 34, true ]
